.
├── augmentedmemo-only.yml
├── data
│   ├── core
│   │   ├── canthelp.md
│   │   ├── chitchat.md
│   │   ├── closetheloop.md
│   │   ├── faqs.md
│   │   ├── feedback.md
│   │   ├── get_started.md
│   │   ├── handoff.md
│   │   ├── oos.md
│   │   ├── step3_install_rasa.md
│   │   ├── step4.md
│   │   └── stories.md
│   ├── intent_description_mapping.csv
│   └── nlu
│       └── nlu.md
├── demo
│   ├── actions.py
│   ├── api.py
│   ├── community_events.py
│   ├── config.py
│   ├── gdrive_service.py
│   └── __init__.py
├── Dockerfile
├── domain.yml
├── endpoints.yml
├── LICENSE
├── Makefile
├── models
│   └── nlu
│       └── current
├── nlu_tensorflow.yml
├── policy.yml
├── pre-install-required-packages.sh
├── rasa_demo.egg-info
│   ├── dependency_links.txt
│   ├── PKG-INFO
│   ├── requires.txt
│   ├── SOURCES.txt
│   └── top_level.txt
├── README.md
├── requirements.txt
├── setup.py
├── travis_gcloud_auth.json.enc
└── tree-1.out

8 directories, 38 files
